Removed Pin From Net: NetName=GND Pin=C2-1
Removed Pin From Net: NetName=VCC Pin=J3-2
Removed Pin From Net: NetName=GND Pin=M1-2
Removed Pin From Net: NetName=SDO Pin=M1-10
Removed Pin From Net: NetName=SDI Pin=M1-11
Removed Pin From Net: NetName=SCK Pin=M1-12
Removed Pin From Net: NetName=NSEL Pin=M1-13
Removed Pin From Net: NetName=NIRQ Pin=M1-14
Added Component: Designator=P5(HDR2X6)
Added Pin To Net: NetName=GND Pin=C2-2
Added Pin To Net: NetName=VCC Pin=P5-11
Added Pin To Net: NetName=NetC2_1 Pin=C2-1
Added Pin To Net: NetName=NetC2_1 Pin=M1-5
Added Pin To Net: NetName=NetC2_1 Pin=P5-12
Added Net: Name=NetC2_1
Added Pin To Net: NetName=NetM1_10 Pin=M1-10
Added Pin To Net: NetName=NetM1_10 Pin=P5-2
Added Net: Name=NetM1_10
Added Pin To Net: NetName=NetM1_11 Pin=M1-11
Added Pin To Net: NetName=NetM1_11 Pin=P5-4
Added Net: Name=NetM1_11
Added Pin To Net: NetName=NetM1_12 Pin=M1-12
Added Pin To Net: NetName=NetM1_12 Pin=P5-6
Added Net: Name=NetM1_12
Added Pin To Net: NetName=NetM1_13 Pin=M1-13
Added Pin To Net: NetName=NetM1_13 Pin=P5-8
Added Net: Name=NetM1_13
Added Pin To Net: NetName=NetM1_14 Pin=M1-14
Added Pin To Net: NetName=NetM1_14 Pin=P5-10
Added Net: Name=NetM1_14
